<?xml version="1.0" encoding="UTF-8"?>
<beans xmlns="http://www.springframework.org/schema/beans"
xmlns:xsi="http://www.w3.org/2001/XMLSchema-instance" xmlns:aop="http://www.springframework.org/schema/aop"
xmlns:tx="http://www.springframework.org/schema/tx" xmlns:context="http://www.springframework.org/schema/context"
xmlns:amq="http://activemq.apache.org/schema/core" xmlns:avatar="http://www.dianping.com/schema/avatar"
xsi:schemaLocation="
http://www.springframework.org/schema/beans http://www.springframework.org/schema/beans/spring-beans-2.5.xsd
http://www.springframework.org/schema/aop http://www.springframework.org/schema/aop/spring-aop-2.5.xsd
http://www.springframework.org/schema/tx http://www.springframework.org/schema/tx/spring-tx-2.5.xsd
http://www.springframework.org/schema/context http://www.springframework.org/schema/context/spring-context-2.5.xsd
http://activemq.apache.org/schema/core http://activemq.apache.org/schema/core/activemq-core.xsd">
	
	<bean id="testClient" class="com.dianping.dpsf.spring.ProxyBeanFactory" init-method="init">
		<property name="serviceName" value="http://service.dianping.com/itemName/test"/>
		<property name="iface" value="com.dianping.dpsf.test.TestIFace"/>
		<!-- default:pb -->
		<property name="serialize" value="hessian"/>
		<!-- sync async oneway future  default:sync -->
		<property name="callMethod" value="sync"/>
		<!-- 单位毫秒 default:2000 -->
		<property name="timeout" value="2000"/>
		<property name="hosts" value="127.0.0.1:20000,127.0.0.1:20000"/>
		<!-- 默认1：1：1... 单个权重数字不能大于10
		<property name="weight" value="1,9"/>-->
		
		<property name="isTest" value="true"/>
	</bean>
	
	
</beans>